Fri Jan 29 22:54:46 CST 2021
Fri Jan 29 22:57:19 CST 2021
Fri Jan 29 23:09:01 CST 2021
Fri Jan 29 23:25:36 CST 2021
Thu Feb 4 16:51:57 CST 2021
Wed Feb 24 17:32:00 CST 2021
Fri Feb 26 14:13:38 CST 2021
Tue Mar 2 13:19:29 CST 2021
Wed Mar 3 22:27:59 CST 2021
Sun Mar 7 12:20:56 CST 2021
2021年 03月 13日 星期六 17:26:01 CST
2021年 04月 13日 星期二 09:48:29 CST
2021年 05月 09日 星期日 12:16:21 CST
2021年 05月 15日 星期六 00:34:34 CST
2021年 05月 17日 星期一 18:06:39 CST
2021年 05月 19日 星期三 16:58:48 CST
2021年 05月 26日 星期三 18:10:14 CST
2021年 05月 31日 星期一 13:59:23 CST
2021年 06月 04日 星期五 14:27:46 CST
2021年 06月 04日 星期五 14:30:51 CST
2021年 06月 05日 星期六 09:01:34 CST
2021年 06月 06日 星期日 10:38:16 CST
